<?xml version="1.0" encoding="UTF-8"?>
<testng-results skipped="0" failed="0" total="1" passed="1">
  <reporter-output>
  </reporter-output>
  <suite name="Suite" duration-ms="22047" started-at="2016-08-06T10:20:13Z" finished-at="2016-08-06T10:20:35Z">
    <groups>
    </groups>
    <test name="Test" duration-ms="22047" started-at="2016-08-06T10:20:13Z" finished-at="2016-08-06T10:20:35Z">
      <class name="demo.TestA">
        <test-method status="PASS" signature="testTestA()[pri:0, instance:demo.TestA@3ffc5af1]" name="testTestA" duration-ms="22013" started-at="2016-08-06T15:50:13Z" finished-at="2016-08-06T15:50:35Z">
          <reporter-output>
          </reporter-output>
        </test-method> <!-- testTestA -->
      </class> <!-- demo.TestA -->
    </test> <!-- Test -->
  </suite> <!-- Suite -->
</testng-results>
